app/build/intermediates/manifest_merge_blame_file/debug/manifest-merger-blame-debug-report.txt
1<?xml version="1.0" encoding="utf-8"?>
2<manifest xmlns:android="http://schemas.android.com/apk/res/android"
3    package="com.jaydeep.blesample"
4    android:versionCode="1"
5    android:versionName="1.0" >
6
7    <uses-sdk
8        android:minSdkVersion="27"
8-->src\main\AndroidManifest.xml
9        android:targetSdkVersion="27" />
9-->src\main\AndroidManifest.xml
10
11    <uses-permission android:name="android.permission.BLUETOOTH" />
11-->src\main\AndroidManifest.xml:5:5-68
11-->src\main\AndroidManifest.xml:5:22-65
12    <uses-permission android:name="android.permission.BLUETOOTH_ADMIN" />
12-->src\main\AndroidManifest.xml:6:5-74
12-->src\main\AndroidManifest.xml:6:22-71
13    <uses-permission android:name="android.permission.ACCESS_COARSE_LOCATION" />
13-->src\main\AndroidManifest.xml:7:5-81
13-->src\main\AndroidManifest.xml:7:22-78
14    <uses-permission android:name="android.permission.ACCESS_FINE_LOCATION" />
14-->src\main\AndroidManifest.xml:8:5-79
14-->src\main\AndroidManifest.xml:8:22-76
15    <uses-permission android:name="android.permission.EXPAND_STATUS_BAR" />
15-->src\main\AndroidManifest.xml:9:5-76
15-->src\main\AndroidManifest.xml:9:22-73
16
17    <application
17-->src\main\AndroidManifest.xml:11:5-46:19
18        android:allowBackup="true"
18-->src\main\AndroidManifest.xml:12:9-35
19        android:appComponentFactory="androidx.core.app.CoreComponentFactory"
19-->[androidx.core:core:1.5.0] AndroidManifest.xml:24:18-86
20        android:debuggable="true"
21        android:extractNativeLibs="false"
22        android:icon="@mipmap/ic_launcher"
22-->src\main\AndroidManifest.xml:13:9-43
23        android:label="@string/app_name"
23-->src\main\AndroidManifest.xml:14:9-41
24        android:supportsRtl="true"
24-->src\main\AndroidManifest.xml:15:9-35
25        android:testOnly="true"
26        android:theme="@style/AppTheme" >
26-->src\main\AndroidManifest.xml:16:9-40
27        <activity
27-->src\main\AndroidManifest.xml:17:9-24:20
28            android:name="com.jaydeep.blesample.operation.TimerPages.TimerMenuActivity"
28-->src\main\AndroidManifest.xml:18:13-67
29            android:exported="true"
29-->src\main\AndroidManifest.xml:20:13-36
30            android:screenOrientation="landscape" >
30-->src\main\AndroidManifest.xml:19:13-50
31        </activity>
32        <activity
32-->src\main\AndroidManifest.xml:25:9-28:53
33            android:name="com.jaydeep.blesample.operation.TransitionPageFav"
33-->src\main\AndroidManifest.xml:26:13-56
34            android:exported="true"
34-->src\main\AndroidManifest.xml:27:13-36
35            android:screenOrientation="landscape" />
35-->src\main\AndroidManifest.xml:28:13-50
36        <activity
36-->src\main\AndroidManifest.xml:29:9-31:39
37            android:name="com.jaydeep.blesample.Slider.TempActivity"
37-->src\main\AndroidManifest.xml:30:13-48
38            android:exported="true" />
38-->src\main\AndroidManifest.xml:31:13-36
39        <activity
39-->src\main\AndroidManifest.xml:32:9-37:20
40            android:name="com.jaydeep.blesample.operation.TransationPage"
40-->src\main\AndroidManifest.xml:33:13-53
41            android:exported="true"
41-->src\main\AndroidManifest.xml:34:13-36
42            android:screenOrientation="landscape" >
42-->src\main\AndroidManifest.xml:35:13-50
43        </activity>
44        <activity android:name="com.jaydeep.blesample.MainActivity" >
44-->src\main\AndroidManifest.xml:38:9-44:20
44-->src\main\AndroidManifest.xml:38:19-47
45            <intent-filter>
45-->src\main\AndroidManifest.xml:39:13-43:29
46                <action android:name="android.intent.action.MAIN" />
46-->src\main\AndroidManifest.xml:40:17-69
46-->src\main\AndroidManifest.xml:40:25-66
47
48                <category android:name="android.intent.category.LAUNCHER" />
48-->src\main\AndroidManifest.xml:42:17-77
48-->src\main\AndroidManifest.xml:42:27-74
49            </intent-filter>
50        </activity>
51        <activity android:name="com.jaydeep.blesample.operation.OperationActivity" />
51-->src\main\AndroidManifest.xml:45:9-65
51-->src\main\AndroidManifest.xml:45:19-62
52    </application>
53
54</manifest>